<?xml version="1.0" encoding="UTF-8"?>
<!-- Generated by org.testng.reporters.JUnitReportReporter -->
<testsuite hostname="DESKTOP-0L9DERS" failures="0" tests="1" name="testRunnercrossBrowser3.TestRunnercrossBrowser3" time="0.097" errors="0" timestamp="2025-04-02T00:03:56 EDT" skipped="0">
  <testcase classname="testRunnercrossBrowser3.TestRunnercrossBrowser3" name="runScenario" time="0.097"/>
</testsuite> <!-- testRunnercrossBrowser3.TestRunnercrossBrowser3 -->
