<?xml version="1.0" encoding="UTF-8"?>
<!-- Generated by org.testng.reporters.JUnitReportReporter -->
<testsuite hostname="DESKTOP-0L9DERS" failures="0" tests="1" name="testRunnercrossBrowser3.TestRunnercrossBrowser3" time="3.775" errors="0" timestamp="2025-04-01T20:59:41 EDT" skipped="0">
  <testcase classname="testRunnercrossBrowser3.TestRunnercrossBrowser3" name="runScenario" time="3.775"/>
</testsuite> <!-- testRunnercrossBrowser3.TestRunnercrossBrowser3 -->
